Can't find "mudos", ignoring old binaries.
Try invoking the driver using the full pathname.
System Error: init_addr_server: connect: 由于目标计算机积极拒绝，无法连接。


Loading preloaded files ...
错误讯息被拦截：
执行时段错误：*Error in loading object '/adm/daemons/logind'

程序：adm/obj/master.c 第 121 行
物件：/adm/obj/master
呼叫来自：adm/obj/master.c 的 preload() 第 121 行，物件： adm/obj/master
调用参数：preload("/adm/daemons/logind")
局部变量：1517650396, NULL
呼叫来自：adm/obj/master.c 的 CATCH() 第 121 行，物件： adm/obj/master
调用参数：CATCH()
局部变量：
previous_object(0): adm/obj/master
+----------------------------------------------------------------------+

Initializations complete.

Accepting connections on port 6666.

执行时段错误：*Error in loading object '/adm/daemons/logind'

程序：obj/login.c 第 12 行
物件：/obj/login#422
呼叫来自：obj/login.c 的 logon() 第 12 行，物件： obj/login#422
调用参数：logon()
局部变量：
this_player: obj/login#422
previous_object(0): obj/login#422
+----------------------------------------------------------------------+


执行时段错误：*Error in loading object '/adm/daemons/logind'

程序：obj/login.c 第 12 行
物件：/obj/login#484
呼叫来自：obj/login.c 的 logon() 第 12 行，物件： obj/login#484
调用参数：logon()
局部变量：
this_player: obj/login#484
previous_object(0): obj/login#484
+----------------------------------------------------------------------+


执行时段错误：*Error in loading object '/adm/daemons/logind'

程序：obj/login.c 第 12 行
物件：/obj/login#524
呼叫来自：obj/login.c 的 logon() 第 12 行，物件： obj/login#524
调用参数：logon()
局部变量：
this_player: obj/login#524
previous_object(0): obj/login#524
+----------------------------------------------------------------------+


执行时段错误：*Error in loading object '/adm/daemons/logind'

程序：obj/login.c 第 12 行
物件：/obj/login#642
呼叫来自：obj/login.c 的 logon() 第 12 行，物件： obj/login#642
调用参数：logon()
局部变量：
this_player: obj/login#642
previous_object(0): obj/login#642
+----------------------------------------------------------------------+

